<?xml version="1.0" encoding="UTF-8"?>
<!-- Generated by org.testng.reporters.JUnitReportReporter -->
<testsuite skipped="0" hostname="DESKTOP-G2PCOAQ" name="Testing.Testing2" tests="1" failures="0" timestamp="12 Jul 2022 11:28:02 GMT" time="5.315" errors="0">
  <testcase name="before" time="5.315" classname="Testing.Testing2"/>
</testsuite> <!-- Testing.Testing2 -->
