<?xml version="1.0" encoding="UTF-8"?>
<!-- Generated by org.testng.reporters.JUnitReportReporter -->
<testsuite skipped="0" hostname="DESKTOP-G2PCOAQ" name="Testing.Testing" tests="1" failures="0" timestamp="13 Jul 2022 02:00:02 GMT" time="7.037" errors="0">
  <testcase name="before" time="7.037" classname="Testing.Testing"/>
</testsuite> <!-- Testing.Testing -->
